<?xml version="1.0" encoding="UTF-8"?>
<testsuite xmlns:xsi="http://www.w3.org/2001/XMLSchema-instance" xsi:noNamespaceSchemaLocation="https://maven.apache.org/surefire/maven-surefire-plugin/xsd/surefire-test-report-3.0.xsd" version="3.0" name="com.vendora.epic1.PublicPageSmokeTest" time="20.563" tests="1" errors="0" skipped="0" failures="0">
  <properties>
[...]
</properties>
  <testcase name="adminSignupPageIsOkInSetupMode" classname="com.vendora.epic1.PublicPageSmokeTest" time="1.297">
    <system-out><![CDATA[04:09:31.127 [main] INFO org.springframework.test.context.support.AnnotationConfigContextLoaderUtils -- Could not detect default configuration classes for test class [com.vendora.epic1.PublicPageSmokeTest]: PublicPageSmokeTest does not declare any static, non-private, non-final, nested classes annotated with @Configuration.
04:09:31.605 [main] INFO org.springframework.boot.test.context.SpringBootTestContextBootstrapper -- Found @SpringBootConfiguration com.vendora.VendoraApplication for test class com.vendora.epic1.PublicPageSmokeTest

  .   ____          _            __ _ _
 /\\ / ___'_ __ _ _(_)_ __  __ _ \ \ \ \
( ( )\___ | '_ | '_| | '_ \/ _` | \ \ \ \
 \\/  ___)| |_)| | | | | || (_| |  ) ) ) )
  '  |____| .__|_| |_|_| |_\__, | / / / /
 =========|_|==============|___/=/_/_/_/

 :: Spring Boot ::                (v3.3.5)

2026-04-28T04:09:33.041+05:30  INFO 16328 --- [           main] com.vendora.epic1.PublicPageSmokeTest    : Starting PublicPageSmokeTest using Java 21.0.10 with PID 16328 (started by Sharkya in D:\SLIIT University\Year 2 - Semester 2\IE2091 - IS Project\Assignment\Vendora\project)
2026-04-28T04:09:33.047+05:30  INFO 16328 --- [           main] com.vendora.epic1.PublicPageSmokeTest    : The following 1 profile is active: "test"
2026-04-28T04:09:36.147+05:30  INFO 16328 --- [           main] .s.d.r.c.RepositoryConfigurationDelegate : Bootstrapping Spring Data JPA repositories in DEFAULT mode.
2026-04-28T04:09:36.512+05:30  INFO 16328 --- [           main] .s.d.r.c.RepositoryConfigurationDelegate : Finished Spring Data repository scanning in 347 ms. Found 18 JPA repository interfaces.
2026-04-28T04:09:38.442+05:30  INFO 16328 --- [           main] o.hibernate.jpa.internal.util.LogHelper  : HHH000204: Processing PersistenceUnitInfo [name: default]
2026-04-28T04:09:38.611+05:30  INFO 16328 --- [           main] org.hibernate.Version                    : HHH000412: Hibernate ORM core version 6.5.3.Final
2026-04-28T04:09:38.725+05:30  INFO 16328 --- [           main] o.h.c.internal.RegionFactoryInitiator    : HHH000026: Second-level cache disabled
2026-04-28T04:09:39.564+05:30  INFO 16328 --- [           main] o.s.o.j.p.SpringPersistenceUnitInfo      : No LoadTimeWeaver setup: ignoring JPA class transformer
2026-04-28T04:09:39.648+05:30  INFO 16328 --- [           main] com.zaxxer.hikari.HikariDataSource       : HikariPool-1 - Starting...
2026-04-28T04:09:40.405+05:30  INFO 16328 --- [           main] com.zaxxer.hikari.pool.HikariPool        : HikariPool-1 - Added connection conn0: url=jdbc:h2:mem:vendora_test user=SA
2026-04-28T04:09:40.409+05:30  INFO 16328 --- [           main] com.zaxxer.hikari.HikariDataSource       : HikariPool-1 - Start completed.
2026-04-28T04:09:40.502+05:30  WARN 16328 --- [           main] org.hibernate.orm.deprecation            : HHH90000025: H2Dialect does not need to be specified explicitly using 'hibernate.dialect' (remove the property setting and it will be selected by default)
2026-04-28T04:09:43.970+05:30  INFO 16328 --- [           main] o.h.e.t.j.p.i.JtaPlatformInitiator       : HHH000489: No JTA platform available (set 'hibernate.transaction.jta.platform' to enable JTA platform integration)
2026-04-28T04:09:44.019+05:30 DEBUG 16328 --- [           main] org.hibernate.SQL                        : 
    drop table if exists account_deletion_requests cascade 
2026-04-28T04:09:44.034+05:30 DEBUG 16328 --- [           main] org.hibernate.SQL                        : 
    drop table if exists cart_items cascade 
2026-04-28T04:09:44.036+05:30 DEBUG 16328 --- [           main] org.hibernate.SQL                        : 
    drop table if exists carts cascade 
2026-04-28T04:09:44.036+05:30 DEBUG 16328 --- [           main] org.hibernate.SQL                        : 
    drop table if exists deliveries cascade 
2026-04-28T04:09:44.036+05:30 DEBUG 16328 --- [           main] org.hibernate.SQL                        : 
    drop table if exists delivery_assignments cascade 
2026-04-28T04:09:44.038+05:30 DEBUG 16328 --- [           main] org.hibernate.SQL                        : 
    drop table if exists delivery_status_history cascade 
2026-04-28T04:09:44.038+05:30 DEBUG 16328 --- [           main] org.hibernate.SQL                        : 
    drop table if exists email_verification_tokens cascade 
2026-04-28T04:09:44.038+05:30 DEBUG 16328 --- [           main] org.hibernate.SQL                        : 
    drop table if exists failure_logs cascade 
2026-04-28T04:09:44.038+05:30 DEBUG 16328 --- [           main] org.hibernate.SQL                        : 
    drop table if exists login_audits cascade 
2026-04-28T04:09:44.040+05:30 DEBUG 16328 --- [           main] org.hibernate.SQL                        : 
    drop table if exists orders cascade 
2026-04-28T04:09:44.040+05:30 DEBUG 16328 --- [           main] org.hibernate.SQL                        : 
    drop table if exists partnership_applications cascade 
2026-04-28T04:09:44.040+05:30 DEBUG 16328 --- [           main] org.hibernate.SQL                        : 
    drop table if exists password_reset_tokens cascade 
2026-04-28T04:09:44.040+05:30 DEBUG 16328 --- [           main] org.hibernate.SQL                        : 
    drop table if exists payments cascade 
2026-04-28T04:09:44.042+05:30 DEBUG 16328 --- [           main] org.hibernate.SQL                        : 
    drop table if exists products cascade 
2026-04-28T04:09:44.042+05:30 DEBUG 16328 --- [           main] org.hibernate.SQL                        : 
    drop table if exists return_requests cascade 
2026-04-28T04:09:44.042+05:30 DEBUG 16328 --- [           main] org.hibernate.SQL                        : 
    drop table if exists statics_partnership_applications cascade 
2026-04-28T04:09:44.042+05:30 DEBUG 16328 --- [           main] org.hibernate.SQL                        : 
    drop table if exists suppliers cascade 
2026-04-28T04:09:44.042+05:30 DEBUG 16328 --- [           main] org.hibernate.SQL                        : 
    drop table if exists user_profiles cascade 
2026-04-28T04:09:44.044+05:30 DEBUG 16328 --- [           main] org.hibernate.SQL                        : 
    drop table if exists users cascade 
2026-04-28T04:09:44.049+05:30 DEBUG 16328 --- [           main] org.hibernate.SQL                        : 
    create table account_deletion_requests (
        processed boolean not null,
        id bigint generated by default as identity,
        request_date timestamp(6),
        user_id bigint not null,
        primary key (id)
    )
2026-04-28T04:09:44.076+05:30 DEBUG 16328 --- [           main] org.hibernate.SQL                        : 
    create table cart_items (
        quantity integer not null,
        cart_id bigint not null,
        id bigint generated by default as identity,
        product_id bigint not null,
        primary key (id)
    )
2026-04-28T04:09:44.084+05:30 DEBUG 16328 --- [           main] org.hibernate.SQL                        : 
    create table carts (
        created_at timestamp(6) not null,
        id bigint generated by default as identity,
        user_id bigint not null unique,
        primary key (id)
    )
2026-04-28T04:09:44.090+05:30 DEBUG 16328 --- [           main] org.hibernate.SQL                        : 
    create table deliveries (
        agent_id bigint,
        created_at timestamp(6) not null,
        customer_id bigint not null,
        delivered_at timestamp(6),
        order_id bigint not null,
        picked_up_at timestamp(6),
        customer_district varchar(50) not null,
        tracking_number varchar(50) not null unique,
        delivery_address TEXT not null,
        id CHAR(36) not null,
        notes TEXT,
        status enum ('ASSIGNED','DELIVERED','FAILED','OUT_FOR_DELIVERY','PENDING','RETURNED') not null,
        primary key (id)
    )
2026-04-28T04:09:44.097+05:30 DEBUG 16328 --- [           main] org.hibernate.SQL                        : 
    create table delivery_assignments (
        agent_id bigint not null,
        assigned_at timestamp(6) not null,
        responded_at timestamp(6),
        delivery_id CHAR(36) not null,
        id CHAR(36) not null,
        rejection_reason TEXT,
        status enum ('ACCEPTED','PENDING','REJECTED') not null,
        primary key (id)
    )
2026-04-28T04:09:44.104+05:30 DEBUG 16328 --- [           main] org.hibernate.SQL                        : 
    create table delivery_status_history (
        changed_at timestamp(6) not null,
        changed_by bigint,
        delivery_id CHAR(36) not null,
        id CHAR(36) not null,
        status enum ('ASSIGNED','DELIVERED','FAILED','OUT_FOR_DELIVERY','PENDING','RETURNED') not null,
        primary key (id)
    )
2026-04-28T04:09:44.106+05:30 DEBUG 16328 --- [           main] org.hibernate.SQL                        : 
    create table email_verification_tokens (
        expiry_date timestamp(6) with time zone not null,
        id bigint generated by default as identity,
        user_id bigint not null,
        token varchar(256) not null unique,
        token_type enum ('EMAIL_VERIFICATION','OAUTH','PASSWORD_RESET'),
        primary key (id)
    )
2026-04-28T04:09:44.110+05:30 DEBUG 16328 --- [           main] org.hibernate.SQL                        : 
    create table failure_logs (
        attempt_number integer not null,
        logged_at timestamp(6) not null,
        logged_by bigint not null,
        reason_code varchar(50) not null,
        delivery_id CHAR(36) not null,
        description TEXT,
        id CHAR(36) not null,
        primary key (id)
    )
2026-04-28T04:09:44.118+05:30 DEBUG 16328 --- [           main] org.hibernate.SQL                        : 
    create table login_audits (
        id bigint generated by default as identity,
        login_time timestamp(6),
        user_id bigint not null,
        ip_address varchar(255),
        user_agent varchar(255),
        primary key (id)
    )
2026-04-28T04:09:44.124+05:30 DEBUG 16328 --- [           main] org.hibernate.SQL                        : 
    create table orders (
        amount float(53) not null,
        id bigint generated by default as identity,
        user_id bigint,
        first_name varchar(255),
        last_name varchar(255),
        payment_method varchar(255),
        payment_status varchar(255),
        phone varchar(255),
        product varchar(255),
        status varchar(255),
        primary key (id)
    )
2026-04-28T04:09:44.126+05:30 DEBUG 16328 --- [           main] org.hibernate.SQL                        : 
    create table partnership_applications (
        created_at timestamp(6) not null,
        id bigint generated by default as identity,
        reviewed_at timestamp(6),
        updated_at timestamp(6) not null,
        address_line1 varchar(255),
        business_address varchar(255),
        business_name varchar(255),
        business_reg_number varchar(255),
        city varchar(255),
        contact_person_name varchar(255),
        district varchar(255),
        email varchar(255) not null,
        full_name varchar(255) not null,
        nic varchar(255),
        phone_number varchar(255),
        postal_code varchar(255),
        product_category varchar(255),
        product_details TEXT,
        province varchar(255),
        review_note TEXT,
        tin_number varchar(255),
        applicant_type enum ('DELIVERY','SUPPLIER') not null,
        status enum ('APPROVED','PENDING','REJECTED') not null,
        primary key (id)
    )
2026-04-28T04:09:44.134+05:30 DEBUG 16328 --- [           main] org.hibernate.SQL                        : 
    create table password_reset_tokens (
        expiry_date timestamp(6) with time zone not null,
        id bigint generated by default as identity,
        user_id bigint not null,
        token varchar(255) not null unique,
        primary key (id)
    )
2026-04-28T04:09:44.138+05:30 DEBUG 16328 --- [           main] org.hibernate.SQL                        : 
    create table payments (
        amount float(53),
        order_id bigint,
        payment_date timestamp(6),
        payment_id bigint generated by default as identity,
        payment_method varchar(255),
        status varchar(255),
        transaction_id varchar(255),
        primary key (payment_id)
    )
2026-04-28T04:09:44.145+05:30 DEBUG 16328 --- [           main] org.hibernate.SQL                        : 
    create table products (
        cost_price numeric(10,2),
        expiry_date date,
        low_stock_threshold integer not null check (low_stock_threshold>=1),
        manufacture_date date,
        price numeric(10,2) not null,
        stock_quantity integer not null check (stock_quantity>=0),
        created_at timestamp(6),
        product_id bigint generated by default as identity,
        supplier_id bigint not null,
        updated_at timestamp(6),
        barcode varchar(50) unique,
        image_content_type varchar(50),
        unit varchar(50),
        brand varchar(100) not null,
        country_of_origin varchar(100),
        shade varchar(100),
        skin_type varchar(100),
        sku varchar(100) unique,
        volume varchar(100),
        name varchar(200) not null,
        description TEXT,
        ingredients TEXT,
        tags TEXT,
        usage_instructions TEXT,
        category enum ('BEAUTY_TOOLS','BODYCARE','COSMETICS','FRAGRANCE','HAIRCARE','SKINCARE') not null,
        image LONGBLOB,
        status enum ('ACTIVE','DISCONTINUED','INACTIVE') not null,
        primary key (product_id)
    )
2026-04-28T04:09:44.177+05:30 DEBUG 16328 --- [           main] org.hibernate.SQL                        : 
    create table return_requests (
        agent_id bigint,
        completed_at timestamp(6),
        customer_id bigint not null,
        requested_at timestamp(6) not null,
        reason_code varchar(50) not null,
        delivery_id CHAR(36) not null,
        description TEXT,
        id CHAR(36) not null,
        status enum ('APPROVED','CANCELLED','COMPLETED','PICKED_UP','PICKUP_SCHEDULED','REJECTED','REQUESTED') not null,
        primary key (id)
    )
2026-04-28T04:09:44.193+05:30 DEBUG 16328 --- [           main] org.hibernate.SQL                        : 
    create table statics_partnership_applications (
        id bigint generated by default as identity,
        reviewed_at timestamp(6),
        reviewed_by_id bigint,
        submitted_at timestamp(6),
        user_id bigint,
        admin_remarks varchar(1000),
        description varchar(1000),
        business_address varchar(255) not null,
        business_name varchar(255) not null,
        business_registration_number varchar(255),
        contact_person_name varchar(255) not null,
        email varchar(255) not null,
        fleet_size varchar(255),
        phone_number varchar(255) not null,
        product_category varchar(255),
        service_areas varchar(255),
        application_type enum ('DELIVERY_PARTNERSHIP','SUPPLIER_PARTNERSHIP') not null,
        status enum ('APPROVED','CANCELLED','PENDING','REJECTED','UNDER_REVIEW'),
        primary key (id)
    )
2026-04-28T04:09:44.202+05:30 DEBUG 16328 --- [           main] org.hibernate.SQL                        : 
    create table suppliers (
        created_at timestamp(6) not null,
        id bigint generated by default as identity,
        user_id bigint unique,
        address varchar(500) not null,
        business_address varchar(255),
        company_name varchar(255) not null,
        contact_person varchar(255) not null,
        email varchar(255) not null unique,
        phone varchar(255) not null,
        status enum ('APPROVED','PENDING','REJECTED') not null,
        primary key (id)
    )
2026-04-28T04:09:44.209+05:30 DEBUG 16328 --- [           main] org.hibernate.SQL                        : 
    create table user_profiles (
        created_at timestamp(6),
        id bigint generated by default as identity,
        updated_at timestamp(6),
        user_id bigint not null unique,
        address varchar(255),
        city varchar(255),
        country varchar(255),
        phone_number varchar(255),
        primary key (id)
    )
2026-04-28T04:09:44.218+05:30 DEBUG 16328 --- [           main] org.hibernate.SQL                        : 
    create table users (
        email_verified boolean,
        failed_login_attempts integer not null,
        account_locked_until timestamp(6),
        created_at timestamp(6) not null,
        last_login_at timestamp(6),
        updated_at timestamp(6) not null,
        user_id bigint generated by default as identity,
        nic varchar(12),
        phone varchar(15) not null,
        email varchar(150) not null,
        full_name varchar(150) not null,
        address_line_1 varchar(255),
        address_line_2 varchar(255),
        city varchar(255),
        first_name varchar(255),
        last_name varchar(255),
        password varchar(255),
        password_hash varchar(255) not null,
        phone_number varchar(255),
        postal_code varchar(255),
        profile_picture_url varchar(255),
        user_code varchar(255) unique,
        district enum ('AMPARA','ANURADHAPURA','BADULLA','BATTICALOA','COLOMBO','GALLE','GAMPAHA','HAMBANTOTA','JAFFNA','KALUTARA','KANDY','KEGALLE','KILINOCHCHI','KURUNEGALA','MANNAR','MATALE','MATARA','MONARAGALA','MULLAITIVU','NUWARA_ELIYA','POLONNARUWA','PUTTALAM','RATNAPURA','TRINCOMALEE','VAVUNIYA'),
        province enum ('CENTRAL','EASTERN','NORTHERN','NORTH_CENTRAL','NORTH_WESTERN','SABARAGAMUWA','SOUTHERN','UVA','WESTERN'),
        role enum ('ROLE_ADMIN','ROLE_CUSTOMER','ROLE_DELIVERY','ROLE_SUPPLIER'),
        status enum ('ACTIVE','DELETED','INACTIVE','PENDING_VERIFICATION','REJECTED','SUSPENDED'),
        verification_method enum ('EMAIL','SMS'),
        primary key (user_id)
    )
2026-04-28T04:09:44.222+05:30 DEBUG 16328 --- [           main] org.hibernate.SQL                        : 
    alter table if exists account_deletion_requests 
       add constraint FK4fd74ydnh4e2nqvbqv9yv9gdm 
       foreign key (user_id) 
       references users
2026-04-28T04:09:44.259+05:30 DEBUG 16328 --- [           main] org.hibernate.SQL                        : 
    alter table if exists cart_items 
       add constraint FKpcttvuq4mxppo8sxggjtn5i2c 
       foreign key (cart_id) 
       references carts
2026-04-28T04:09:44.268+05:30 DEBUG 16328 --- [           main] org.hibernate.SQL                        : 
    alter table if exists cart_items 
       add constraint FK1re40cjegsfvw58xrkdp6bac6 
       foreign key (product_id) 
       references products
2026-04-28T04:09:44.273+05:30 DEBUG 16328 --- [           main] org.hibernate.SQL                        : 
    alter table if exists carts 
       add constraint FKb5o626f86h46m4s7ms6ginnop 
       foreign key (user_id) 
       references users
2026-04-28T04:09:44.275+05:30 DEBUG 16328 --- [           main] org.hibernate.SQL                        : 
    alter table if exists email_verification_tokens 
       add constraint FKi1c4mmamlb8keqt74k4lrtwhc 
       foreign key (user_id) 
       references users
2026-04-28T04:09:44.281+05:30 DEBUG 16328 --- [           main] org.hibernate.SQL                        : 
    alter table if exists login_audits 
       add constraint FKrrof8076dr9yfkrbqqksnwb43 
       foreign key (user_id) 
       references users
2026-04-28T04:09:44.290+05:30 DEBUG 16328 --- [           main] org.hibernate.SQL                        : 
    alter table if exists password_reset_tokens 
       add constraint FKk3ndxg5xp6v7wd4gjyusp15gq 
       foreign key (user_id) 
       references users
2026-04-28T04:09:44.297+05:30 DEBUG 16328 --- [           main] org.hibernate.SQL                        : 
    alter table if exists statics_partnership_applications 
       add constraint FK8n8ws4jjwycgv484u5efki5rt 
       foreign key (reviewed_by_id) 
       references users
2026-04-28T04:09:44.309+05:30 DEBUG 16328 --- [           main] org.hibernate.SQL                        : 
    alter table if exists statics_partnership_applications 
       add constraint FK497oujbo49uq1jwyyojhq4n4d 
       foreign key (user_id) 
       references users
2026-04-28T04:09:44.315+05:30 DEBUG 16328 --- [           main] org.hibernate.SQL                        : 
    alter table if exists suppliers 
       add constraint FKja3xaqihwgllahrmo5op9ks4d 
       foreign key (user_id) 
       references users
2026-04-28T04:09:44.318+05:30 DEBUG 16328 --- [           main] org.hibernate.SQL                        : 
    alter table if exists user_profiles 
       add constraint FKjcad5nfve11khsnpwj1mv8frj 
       foreign key (user_id) 
       references users
2026-04-28T04:09:44.327+05:30  INFO 16328 --- [           main] j.LocalContainerEntityManagerFactoryBean : Initialized JPA EntityManagerFactory for persistence unit 'default'
2026-04-28T04:09:45.534+05:30 DEBUG 16328 --- [           main] org.hibernate.SQL                        : 
    select
        u1_0.user_id 
    from
        users u1_0 
    where
        u1_0.role=? 
    fetch
        first ? rows only
2026-04-28T04:09:45.600+05:30  WARN 16328 --- [           main] c.v.epic1.service.SystemSetupService     : Vendora Platform is in SETUP MODE. Awaiting first Admin registration.
2026-04-28T04:09:45.768+05:30  INFO 16328 --- [           main] r$InitializeUserDetailsManagerConfigurer : Global AuthenticationManager configured with UserDetailsService bean with name customUserDetailsService
2026-04-28T04:09:46.204+05:30  INFO 16328 --- [           main] o.s.d.j.r.query.QueryEnhancerFactory     : Hibernate is in classpath; If applicable, HQL parser will be used.
2026-04-28T04:09:48.104+05:30  WARN 16328 --- [           main] JpaBaseConfiguration$JpaWebConfiguration : spring.jpa.open-in-view is enabled by default. Therefore, database queries may be performed during view rendering. Explicitly configure spring.jpa.open-in-view to disable this warning
2026-04-28T04:09:49.761+05:30  INFO 16328 --- [           main] o.s.b.t.m.w.SpringBootMockServletContext : Initializing Spring TestDispatcherServlet ''
2026-04-28T04:09:49.762+05:30  INFO 16328 --- [           main] o.s.t.web.servlet.TestDispatcherServlet  : Initializing Servlet ''
2026-04-28T04:09:49.764+05:30  INFO 16328 --- [           main] o.s.t.web.servlet.TestDispatcherServlet  : Completed initialization in 2 ms
2026-04-28T04:09:49.801+05:30  INFO 16328 --- [           main] com.vendora.epic1.PublicPageSmokeTest    : Started PublicPageSmokeTest in 17.681 seconds (process running for 20.968)
]]></system-out>
    <system-err><![CDATA[WARNING: A Java agent has been loaded dynamically (C:\Users\Sharkya\.m2\repository\net\bytebuddy\byte-buddy-agent\1.14.19\byte-buddy-agent-1.14.19.jar)
WARNING: If a serviceability tool is in use, please run with -XX:+EnableDynamicAgentLoading to hide this warning
WARNING: If a serviceability tool is not in use, please run with -Djdk.instrument.traceUsage for more information
WARNING: Dynamic loading of agents will be disallowed by default in a future release
]]></system-err>
  </testcase>
</testsuite>